Analysis & Synthesis report for MiniBot
Mon Mar 06 14:27:33 2017
Quartus II 64-Bit Version 15.0.0 Build 145 04/22/2015 SJ Web Edition


---------------------
; Table of Contents ;
---------------------
  1. Legal Notice
  2. Analysis & Synthesis Summary
  3. Analysis & Synthesis Settings
  4. Parallel Compilation
  5. Analysis & Synthesis Source Files Read
  6. Analysis & Synthesis Resource Usage Summary
  7. Analysis & Synthesis Resource Utilization by Entity
  8. Analysis & Synthesis RAM Summary
  9. State Machine - |MiniBot|thread
 10. State Machine - |MiniBot|spi_slave:spi_slave_instance|state
 11. Registers Removed During Synthesis
 12. Removed Registers Triggering Further Register Optimizations
 13. General Register Statistics
 14. Registers Added for RAM Pass-Through Logic
 15. Multiplexer Restructuring Statistics (Restructuring Performed)
 16. Source assignments for spi_slave:spi_slave_instance|altsyncram:misoRAM_rtl_0|altsyncram_occ1:auto_generated
 17. Source assignments for spi_slave:spi_slave_instance|altsyncram:mosiRAM_rtl_0|altsyncram_occ1:auto_generated
 18. Parameter Settings for Inferred Entity Instance: spi_slave:spi_slave_instance|altsyncram:misoRAM_rtl_0
 19. Parameter Settings for Inferred Entity Instance: spi_slave:spi_slave_instance|altsyncram:mosiRAM_rtl_0
 20. altsyncram Parameter Settings by Entity Instance
 21. Post-Synthesis Netlist Statistics for Top Partition
 22. Elapsed Time Per Partition
 23. Analysis & Synthesis Messages
 24. Analysis & Synthesis Suppressed Messages



----------------
; Legal Notice ;
----------------
Copyright (C) 1991-2015 Altera Corporation. All rights reserved.
Your use of Altera Corporation's design tools, logic functions 
and other software and tools, and its AMPP partner logic 
functions, and any output files from any of the foregoing 
(including device programming or simulation files), and any 
associated documentation or information are expressly subject 
to the terms and conditions of the Altera Program License 
Subscription Agreement, the Altera Quartus II License Agreement,
the Altera MegaCore Function License Agreement, or other 
applicable license agreement, including, without limitation, 
that your use is for the sole purpose of programming logic 
devices manufactured by Altera and sold by Altera or its 
authorized distributors.  Please refer to the applicable 
agreement for further details.



+---------------------------------------------------------------------------------+
; Analysis & Synthesis Summary                                                    ;
+------------------------------------+--------------------------------------------+
; Analysis & Synthesis Status        ; Successful - Mon Mar 06 14:27:32 2017      ;
; Quartus II 64-Bit Version          ; 15.0.0 Build 145 04/22/2015 SJ Web Edition ;
; Revision Name                      ; MiniBot                                    ;
; Top-level Entity Name              ; MiniBot                                    ;
; Family                             ; Cyclone IV E                               ;
; Total logic elements               ; 680                                        ;
;     Total combinational functions  ; 498                                        ;
;     Dedicated logic registers      ; 471                                        ;
; Total registers                    ; 471                                        ;
; Total pins                         ; 154                                        ;
; Total virtual pins                 ; 0                                          ;
; Total memory bits                  ; 1,024                                      ;
; Embedded Multiplier 9-bit elements ; 0                                          ;
; Total PLLs                         ; 0                                          ;
+------------------------------------+--------------------------------------------+


+----------------------------------------------------------------------------------------------------------------------+
; Analysis & Synthesis Settings                                                                                        ;
+----------------------------------------------------------------------------+--------------------+--------------------+
; Option                                                                     ; Setting            ; Default Value      ;
+----------------------------------------------------------------------------+--------------------+--------------------+
; Device                                                                     ; EP4CE22F17C6       ;                    ;
; Top-level entity name                                                      ; MiniBot            ; MiniBot            ;
; Family name                                                                ; Cyclone IV E       ; Cyclone V          ;
; Use smart compilation                                                      ; Off                ; Off                ;
; Enable parallel Assembler and TimeQuest Timing Analyzer during compilation ; On                 ; On                 ;
; Enable compact report table                                                ; Off                ; Off                ;
; Restructure Multiplexers                                                   ; Auto               ; Auto               ;
; Create Debugging Nodes for IP Cores                                        ; Off                ; Off                ;
; Preserve fewer node names                                                  ; On                 ; On                 ;
; Disable OpenCore Plus hardware evaluation                                  ; Off                ; Off                ;
; Verilog Version                                                            ; Verilog_2001       ; Verilog_2001       ;
; VHDL Version                                                               ; VHDL_1993          ; VHDL_1993          ;
; State Machine Processing                                                   ; Auto               ; Auto               ;
; Safe State Machine                                                         ; Off                ; Off                ;
; Extract Verilog State Machines                                             ; On                 ; On                 ;
; Extract VHDL State Machines                                                ; On                 ; On                 ;
; Ignore Verilog initial constructs                                          ; Off                ; Off                ;
; Iteration limit for constant Verilog loops                                 ; 5000               ; 5000               ;
; Iteration limit for non-constant Verilog loops                             ; 250                ; 250                ;
; Add Pass-Through Logic to Inferred RAMs                                    ; On                 ; On                 ;
; Infer RAMs from Raw Logic                                                  ; On                 ; On                 ;
; Parallel Synthesis                                                         ; On                 ; On                 ;
; DSP Block Balancing                                                        ; Auto               ; Auto               ;
; NOT Gate Push-Back                                                         ; On                 ; On                 ;
; Power-Up Don't Care                                                        ; On                 ; On                 ;
; Remove Redundant Logic Cells                                               ; Off                ; Off                ;
; Remove Duplicate Registers                                                 ; On                 ; On                 ;
; Ignore CARRY Buffers                                                       ; Off                ; Off                ;
; Ignore CASCADE Buffers                                                     ; Off                ; Off                ;
; Ignore GLOBAL Buffers                                                      ; Off                ; Off                ;
; Ignore ROW GLOBAL Buffers                                                  ; Off                ; Off                ;
; Ignore LCELL Buffers                                                       ; Off                ; Off                ;
; Ignore SOFT Buffers                                                        ; On                 ; On                 ;
; Limit AHDL Integers to 32 Bits                                             ; Off                ; Off                ;
; Optimization Technique                                                     ; Balanced           ; Balanced           ;
; Carry Chain Length                                                         ; 70                 ; 70                 ;
; Auto Carry Chains                                                          ; On                 ; On                 ;
; Auto Open-Drain Pins                                                       ; On                 ; On                 ;
; Perform WYSIWYG Primitive Resynthesis                                      ; Off                ; Off                ;
; Auto ROM Replacement                                                       ; On                 ; On                 ;
; Auto RAM Replacement                                                       ; On                 ; On                 ;
; Auto DSP Block Replacement                                                 ; On                 ; On                 ;
; Auto Shift Register Replacement                                            ; Auto               ; Auto               ;
; Allow Shift Register Merging across Hierarchies                            ; Auto               ; Auto               ;
; Auto Clock Enable Replacement                                              ; On                 ; On                 ;
; Strict RAM Replacement                                                     ; Off                ; Off                ;
; Allow Synchronous Control Signals                                          ; On                 ; On                 ;
; Force Use of Synchronous Clear Signals                                     ; Off                ; Off                ;
; Auto RAM Block Balancing                                                   ; On                 ; On                 ;
; Auto RAM to Logic Cell Conversion                                          ; Off                ; Off                ;
; Auto Resource Sharing                                                      ; Off                ; Off                ;
; Allow Any RAM Size For Recognition                                         ; Off                ; Off                ;
; Allow Any ROM Size For Recognition                                         ; Off                ; Off                ;
; Allow Any Shift Register Size For Recognition                              ; Off                ; Off                ;
; Use LogicLock Constraints during Resource Balancing                        ; On                 ; On                 ;
; Ignore translate_off and synthesis_off directives                          ; Off                ; Off                ;
; Timing-Driven Synthesis                                                    ; On                 ; On                 ;
; Report Parameter Settings                                                  ; On                 ; On                 ;
; Report Source Assignments                                                  ; On                 ; On                 ;
; Report Connectivity Checks                                                 ; On                 ; On                 ;
; Ignore Maximum Fan-Out Assignments                                         ; Off                ; Off                ;
; Synchronization Register Chain Length                                      ; 2                  ; 2                  ;
; PowerPlay Power Optimization During Synthesis                              ; Normal compilation ; Normal compilation ;
; HDL message level                                                          ; Level2             ; Level2             ;
; Suppress Register Optimization Related Messages                            ; Off                ; Off                ;
; Number of Removed Registers Reported in Synthesis Report                   ; 5000               ; 5000               ;
; Number of Swept Nodes Reported in Synthesis Report                         ; 5000               ; 5000               ;
; Number of Inverted Registers Reported in Synthesis Report                  ; 100                ; 100                ;
; Clock MUX Protection                                                       ; On                 ; On                 ;
; Auto Gated Clock Conversion                                                ; Off                ; Off                ;
; Block Design Naming                                                        ; Auto               ; Auto               ;
; SDC constraint protection                                                  ; Off                ; Off                ;
; Synthesis Effort                                                           ; Auto               ; Auto               ;
; Shift Register Replacement - Allow Asynchronous Clear Signal               ; On                 ; On                 ;
; Pre-Mapping Resynthesis Optimization                                       ; Off                ; Off                ;
; Analysis & Synthesis Message Level                                         ; Medium             ; Medium             ;
; Disable Register Merging Across Hierarchies                                ; Auto               ; Auto               ;
; Resource Aware Inference For Block RAM                                     ; On                 ; On                 ;
; Synthesis Seed                                                             ; 1                  ; 1                  ;
+----------------------------------------------------------------------------+--------------------+--------------------+


+------------------------------------------+
; Parallel Compilation                     ;
+----------------------------+-------------+
; Processors                 ; Number      ;
+----------------------------+-------------+
; Number detected on machine ; 8           ;
; Maximum allowed            ; 4           ;
;                            ;             ;
; Average used               ; 1.00        ;
; Maximum used               ; 1           ;
;                            ;             ;
; Usage by Processor         ; % Time Used ;
;     Processor 1            ; 100.0%      ;
;     Processors 2-8         ;   0.0%      ;
+----------------------------+-------------+


+-------------------------------------------------------------------------------------------------------------------------------------------------------------------------+
; Analysis & Synthesis Source Files Read                                                                                                                                  ;
+----------------------------------+-----------------+------------------------------+---------------------------------------------------------------------------+---------+
; File Name with User-Entered Path ; Used in Netlist ; File Type                    ; File Name with Absolute Path                                              ; Library ;
+----------------------------------+-----------------+------------------------------+---------------------------------------------------------------------------+---------+
; MySPI.sv                         ; yes             ; User SystemVerilog HDL File  ; C:/Users/matthieu/Documents/GitHub/Minibot/Quartus/MySPI.sv               ;         ;
; antiGlitch.sv                    ; yes             ; User SystemVerilog HDL File  ; C:/Users/matthieu/Documents/GitHub/Minibot/Quartus/antiGlitch.sv          ;         ;
; MiniBot.sv                       ; yes             ; User SystemVerilog HDL File  ; C:/Users/matthieu/Documents/GitHub/Minibot/Quartus/MiniBot.sv             ;         ;
; altsyncram.tdf                   ; yes             ; Megafunction                 ; c:/altera/15.0/quartus/libraries/megafunctions/altsyncram.tdf             ;         ;
; stratix_ram_block.inc            ; yes             ; Megafunction                 ; c:/altera/15.0/quartus/libraries/megafunctions/stratix_ram_block.inc      ;         ;
; lpm_mux.inc                      ; yes             ; Megafunction                 ; c:/altera/15.0/quartus/libraries/megafunctions/lpm_mux.inc                ;         ;
; lpm_decode.inc                   ; yes             ; Megafunction                 ; c:/altera/15.0/quartus/libraries/megafunctions/lpm_decode.inc             ;         ;
; aglobal150.inc                   ; yes             ; Megafunction                 ; c:/altera/15.0/quartus/libraries/megafunctions/aglobal150.inc             ;         ;
; a_rdenreg.inc                    ; yes             ; Megafunction                 ; c:/altera/15.0/quartus/libraries/megafunctions/a_rdenreg.inc              ;         ;
; altrom.inc                       ; yes             ; Megafunction                 ; c:/altera/15.0/quartus/libraries/megafunctions/altrom.inc                 ;         ;
; altram.inc                       ; yes             ; Megafunction                 ; c:/altera/15.0/quartus/libraries/megafunctions/altram.inc                 ;         ;
; altdpram.inc                     ; yes             ; Megafunction                 ; c:/altera/15.0/quartus/libraries/megafunctions/altdpram.inc               ;         ;
; db/altsyncram_occ1.tdf           ; yes             ; Auto-Generated Megafunction  ; C:/Users/matthieu/Documents/GitHub/Minibot/Quartus/db/altsyncram_occ1.tdf ;         ;
+----------------------------------+-----------------+------------------------------+---------------------------------------------------------------------------+---------+


+--------------------------------------------------------------+
; Analysis & Synthesis Resource Usage Summary                  ;
+---------------------------------------------+----------------+
; Resource                                    ; Usage          ;
+---------------------------------------------+----------------+
; Estimated Total logic elements              ; 680            ;
;                                             ;                ;
; Total combinational functions               ; 498            ;
; Logic element usage by number of LUT inputs ;                ;
;     -- 4 input functions                    ; 211            ;
;     -- 3 input functions                    ; 140            ;
;     -- <=2 input functions                  ; 147            ;
;                                             ;                ;
; Logic elements by mode                      ;                ;
;     -- normal mode                          ; 341            ;
;     -- arithmetic mode                      ; 157            ;
;                                             ;                ;
; Total registers                             ; 471            ;
;     -- Dedicated logic registers            ; 471            ;
;     -- I/O registers                        ; 0              ;
;                                             ;                ;
; I/O pins                                    ; 154            ;
; Total memory bits                           ; 1024           ;
;                                             ;                ;
; Embedded Multiplier 9-bit elements          ; 0              ;
;                                             ;                ;
; Maximum fan-out node                        ; CLOCK_50~input ;
; Maximum fan-out                             ; 279            ;
; Total fan-out                               ; 3837           ;
; Average fan-out                             ; 2.67           ;
+---------------------------------------------+----------------+


+----------------------------------------------------------------------------------------------------------------------------------------------------------------------------------------------------------------------------------------------------------------------+
; Analysis & Synthesis Resource Utilization by Entity                                                                                                                                                                                                                  ;
+-------------------------------------------+-------------------+--------------+-------------+--------------+---------+-----------+------+--------------+-----------------------------------------------------------------------------------------------+--------------+
; Compilation Hierarchy Node                ; LC Combinationals ; LC Registers ; Memory Bits ; DSP Elements ; DSP 9x9 ; DSP 18x18 ; Pins ; Virtual Pins ; Full Hierarchy Name                                                                           ; Library Name ;
+-------------------------------------------+-------------------+--------------+-------------+--------------+---------+-----------+------+--------------+-----------------------------------------------------------------------------------------------+--------------+
; |MiniBot                                  ; 498 (379)         ; 471 (299)    ; 1024        ; 0            ; 0       ; 0         ; 154  ; 0            ; |MiniBot                                                                                      ; work         ;
;    |antiGlitch:antiGlitchLaserMotorA|     ; 6 (6)             ; 5 (5)        ; 0           ; 0            ; 0       ; 0         ; 0    ; 0            ; |MiniBot|antiGlitch:antiGlitchLaserMotorA                                                     ; work         ;
;    |antiGlitch:antiGlitchLaserMotorB|     ; 6 (6)             ; 5 (5)        ; 0           ; 0            ; 0       ; 0         ; 0    ; 0            ; |MiniBot|antiGlitch:antiGlitchLaserMotorB                                                     ; work         ;
;    |antiGlitch:antiGlitchLaserSig|        ; 6 (6)             ; 5 (5)        ; 0           ; 0            ; 0       ; 0         ; 0    ; 0            ; |MiniBot|antiGlitch:antiGlitchLaserSig                                                        ; work         ;
;    |antiGlitch:antiGlitchLaserSync|       ; 6 (6)             ; 5 (5)        ; 0           ; 0            ; 0       ; 0         ; 0    ; 0            ; |MiniBot|antiGlitch:antiGlitchLaserSync                                                       ; work         ;
;    |antiGlitch:antiGlitchLeftMotorA|      ; 6 (6)             ; 5 (5)        ; 0           ; 0            ; 0       ; 0         ; 0    ; 0            ; |MiniBot|antiGlitch:antiGlitchLeftMotorA                                                      ; work         ;
;    |antiGlitch:antiGlitchLeftMotorB|      ; 6 (6)             ; 5 (5)        ; 0           ; 0            ; 0       ; 0         ; 0    ; 0            ; |MiniBot|antiGlitch:antiGlitchLeftMotorB                                                      ; work         ;
;    |antiGlitch:antiGlitchRightMotorA|     ; 6 (6)             ; 5 (5)        ; 0           ; 0            ; 0       ; 0         ; 0    ; 0            ; |MiniBot|antiGlitch:antiGlitchRightMotorA                                                     ; work         ;
;    |antiGlitch:antiGlitchRightMotorB|     ; 6 (6)             ; 5 (5)        ; 0           ; 0            ; 0       ; 0         ; 0    ; 0            ; |MiniBot|antiGlitch:antiGlitchRightMotorB                                                     ; work         ;
;    |spi_slave:spi_slave_instance|         ; 71 (71)           ; 132 (132)    ; 1024        ; 0            ; 0       ; 0         ; 0    ; 0            ; |MiniBot|spi_slave:spi_slave_instance                                                         ; work         ;
;       |altsyncram:misoRAM_rtl_0|          ; 0 (0)             ; 0 (0)        ; 512         ; 0            ; 0       ; 0         ; 0    ; 0            ; |MiniBot|spi_slave:spi_slave_instance|altsyncram:misoRAM_rtl_0                                ; work         ;
;          |altsyncram_occ1:auto_generated| ; 0 (0)             ; 0 (0)        ; 512         ; 0            ; 0       ; 0         ; 0    ; 0            ; |MiniBot|spi_slave:spi_slave_instance|altsyncram:misoRAM_rtl_0|altsyncram_occ1:auto_generated ; work         ;
;       |altsyncram:mosiRAM_rtl_0|          ; 0 (0)             ; 0 (0)        ; 512         ; 0            ; 0       ; 0         ; 0    ; 0            ; |MiniBot|spi_slave:spi_slave_instance|altsyncram:mosiRAM_rtl_0                                ; work         ;
;          |altsyncram_occ1:auto_generated| ; 0 (0)             ; 0 (0)        ; 512         ; 0            ; 0       ; 0         ; 0    ; 0            ; |MiniBot|spi_slave:spi_slave_instance|altsyncram:mosiRAM_rtl_0|altsyncram_occ1:auto_generated ; work         ;
+-------------------------------------------+-------------------+--------------+-------------+--------------+---------+-----------+------+--------------+-----------------------------------------------------------------------------------------------+--------------+
Note: For table entries with two numbers listed, the numbers in parentheses indicate the number of resources of the given type used by the specific entity alone. The numbers listed outside of parentheses indicate the total resources of the given type used by the specific entity and all of its sub-entities in the hierarchy.


+-----------------------------------------------------------------------------------------------------------------------------------------------------------------------------------------------------+
; Analysis & Synthesis RAM Summary                                                                                                                                                                    ;
+-------------------------------------------------------------------------------------------------+------+------------------+--------------+--------------+--------------+--------------+------+------+
; Name                                                                                            ; Type ; Mode             ; Port A Depth ; Port A Width ; Port B Depth ; Port B Width ; Size ; MIF  ;
+-------------------------------------------------------------------------------------------------+------+------------------+--------------+--------------+--------------+--------------+------+------+
; spi_slave:spi_slave_instance|altsyncram:misoRAM_rtl_0|altsyncram_occ1:auto_generated|ALTSYNCRAM ; AUTO ; Simple Dual Port ; 16           ; 32           ; 16           ; 32           ; 512  ; None ;
; spi_slave:spi_slave_instance|altsyncram:mosiRAM_rtl_0|altsyncram_occ1:auto_generated|ALTSYNCRAM ; AUTO ; Simple Dual Port ; 16           ; 32           ; 16           ; 32           ; 512  ; None ;
+-------------------------------------------------------------------------------------------------+------+------------------+--------------+--------------+--------------+--------------+------+------+


Encoding Type:  One-Hot
+-------------------------------------------------------------------------------------------------------+
; State Machine - |MiniBot|thread                                                                       ;
+------------+------------+------------+------------+------------+------------+------------+------------+
; Name       ; thread.110 ; thread.101 ; thread.100 ; thread.011 ; thread.010 ; thread.001 ; thread.000 ;
+------------+------------+------------+------------+------------+------------+------------+------------+
; thread.000 ; 0          ; 0          ; 0          ; 0          ; 0          ; 0          ; 0          ;
; thread.001 ; 0          ; 0          ; 0          ; 0          ; 0          ; 1          ; 1          ;
; thread.010 ; 0          ; 0          ; 0          ; 0          ; 1          ; 0          ; 1          ;
; thread.011 ; 0          ; 0          ; 0          ; 1          ; 0          ; 0          ; 1          ;
; thread.100 ; 0          ; 0          ; 1          ; 0          ; 0          ; 0          ; 1          ;
; thread.101 ; 0          ; 1          ; 0          ; 0          ; 0          ; 0          ; 1          ;
; thread.110 ; 1          ; 0          ; 0          ; 0          ; 0          ; 0          ; 1          ;
+------------+------------+------------+------------+------------+------------+------------+------------+


Encoding Type:  One-Hot
+-------------------------------------------------------------+
; State Machine - |MiniBot|spi_slave:spi_slave_instance|state ;
+----------+----------+----------+----------+-----------------+
; Name     ; state.S3 ; state.S2 ; state.S1 ; state.S0        ;
+----------+----------+----------+----------+-----------------+
; state.S0 ; 0        ; 0        ; 0        ; 0               ;
; state.S1 ; 0        ; 0        ; 1        ; 1               ;
; state.S2 ; 0        ; 1        ; 0        ; 1               ;
; state.S3 ; 1        ; 0        ; 0        ; 1               ;
+----------+----------+----------+----------+-----------------+


+-----------------------------------------------------------------------------------------------+
; Registers Removed During Synthesis                                                            ;
+------------------------------------------------------+----------------------------------------+
; Register name                                        ; Reason for Removal                     ;
+------------------------------------------------------+----------------------------------------+
; DataAdrM[5]                                          ; Stuck at GND due to stuck port data_in ;
; spi_slave:spi_slave_instance|misoRAM_rtl_0_bypass[7] ; Stuck at GND due to stuck port data_in ;
; spi_slave:spi_slave_instance|mosiRAM_rtl_0_bypass[8] ; Stuck at GND due to stuck port data_in ;
; thread~2                                             ; Lost fanout                            ;
; thread~3                                             ; Lost fanout                            ;
; thread~4                                             ; Lost fanout                            ;
; spi_slave:spi_slave_instance|state~2                 ; Lost fanout                            ;
; spi_slave:spi_slave_instance|state~3                 ; Lost fanout                            ;
; spi_slave:spi_slave_instance|state.S3                ; Lost fanout                            ;
; Total Number of Removed Registers = 9                ;                                        ;
+------------------------------------------------------+----------------------------------------+


+----------------------------------------------------------------------------------------------------+
; Removed Registers Triggering Further Register Optimizations                                        ;
+--------------------------------------+--------------------+----------------------------------------+
; Register name                        ; Reason for Removal ; Registers Removed due to This Register ;
+--------------------------------------+--------------------+----------------------------------------+
; spi_slave:spi_slave_instance|state~2 ; Lost Fanouts       ; spi_slave:spi_slave_instance|state.S3  ;
+--------------------------------------+--------------------+----------------------------------------+


+------------------------------------------------------+
; General Register Statistics                          ;
+----------------------------------------------+-------+
; Statistic                                    ; Value ;
+----------------------------------------------+-------+
; Total registers                              ; 471   ;
; Number of registers using Synchronous Clear  ; 46    ;
; Number of registers using Synchronous Load   ; 32    ;
; Number of registers using Asynchronous Clear ; 160   ;
; Number of registers using Asynchronous Load  ; 0     ;
; Number of registers using Clock Enable       ; 112   ;
; Number of registers using Preset             ; 0     ;
+----------------------------------------------+-------+


+----------------------------------------------------------------------------------------------------+
; Registers Added for RAM Pass-Through Logic                                                         ;
+-------------------------------------------------------+--------------------------------------------+
; Register Name                                         ; RAM Name                                   ;
+-------------------------------------------------------+--------------------------------------------+
; spi_slave:spi_slave_instance|misoRAM_rtl_0_bypass[0]  ; spi_slave:spi_slave_instance|misoRAM_rtl_0 ;
; spi_slave:spi_slave_instance|misoRAM_rtl_0_bypass[1]  ; spi_slave:spi_slave_instance|misoRAM_rtl_0 ;
; spi_slave:spi_slave_instance|misoRAM_rtl_0_bypass[2]  ; spi_slave:spi_slave_instance|misoRAM_rtl_0 ;
; spi_slave:spi_slave_instance|misoRAM_rtl_0_bypass[3]  ; spi_slave:spi_slave_instance|misoRAM_rtl_0 ;
; spi_slave:spi_slave_instance|misoRAM_rtl_0_bypass[4]  ; spi_slave:spi_slave_instance|misoRAM_rtl_0 ;
; spi_slave:spi_slave_instance|misoRAM_rtl_0_bypass[5]  ; spi_slave:spi_slave_instance|misoRAM_rtl_0 ;
; spi_slave:spi_slave_instance|misoRAM_rtl_0_bypass[6]  ; spi_slave:spi_slave_instance|misoRAM_rtl_0 ;
; spi_slave:spi_slave_instance|misoRAM_rtl_0_bypass[7]  ; spi_slave:spi_slave_instance|misoRAM_rtl_0 ;
; spi_slave:spi_slave_instance|misoRAM_rtl_0_bypass[8]  ; spi_slave:spi_slave_instance|misoRAM_rtl_0 ;
; spi_slave:spi_slave_instance|misoRAM_rtl_0_bypass[9]  ; spi_slave:spi_slave_instance|misoRAM_rtl_0 ;
; spi_slave:spi_slave_instance|misoRAM_rtl_0_bypass[10] ; spi_slave:spi_slave_instance|misoRAM_rtl_0 ;
; spi_slave:spi_slave_instance|misoRAM_rtl_0_bypass[11] ; spi_slave:spi_slave_instance|misoRAM_rtl_0 ;
; spi_slave:spi_slave_instance|misoRAM_rtl_0_bypass[12] ; spi_slave:spi_slave_instance|misoRAM_rtl_0 ;
; spi_slave:spi_slave_instance|misoRAM_rtl_0_bypass[13] ; spi_slave:spi_slave_instance|misoRAM_rtl_0 ;
; spi_slave:spi_slave_instance|misoRAM_rtl_0_bypass[14] ; spi_slave:spi_slave_instance|misoRAM_rtl_0 ;
; spi_slave:spi_slave_instance|misoRAM_rtl_0_bypass[15] ; spi_slave:spi_slave_instance|misoRAM_rtl_0 ;
; spi_slave:spi_slave_instance|misoRAM_rtl_0_bypass[16] ; spi_slave:spi_slave_instance|misoRAM_rtl_0 ;
; spi_slave:spi_slave_instance|misoRAM_rtl_0_bypass[17] ; spi_slave:spi_slave_instance|misoRAM_rtl_0 ;
; spi_slave:spi_slave_instance|misoRAM_rtl_0_bypass[18] ; spi_slave:spi_slave_instance|misoRAM_rtl_0 ;
; spi_slave:spi_slave_instance|misoRAM_rtl_0_bypass[19] ; spi_slave:spi_slave_instance|misoRAM_rtl_0 ;
; spi_slave:spi_slave_instance|misoRAM_rtl_0_bypass[20] ; spi_slave:spi_slave_instance|misoRAM_rtl_0 ;
; spi_slave:spi_slave_instance|misoRAM_rtl_0_bypass[21] ; spi_slave:spi_slave_instance|misoRAM_rtl_0 ;
; spi_slave:spi_slave_instance|misoRAM_rtl_0_bypass[22] ; spi_slave:spi_slave_instance|misoRAM_rtl_0 ;
; spi_slave:spi_slave_instance|misoRAM_rtl_0_bypass[23] ; spi_slave:spi_slave_instance|misoRAM_rtl_0 ;
; spi_slave:spi_slave_instance|misoRAM_rtl_0_bypass[24] ; spi_slave:spi_slave_instance|misoRAM_rtl_0 ;
; spi_slave:spi_slave_instance|misoRAM_rtl_0_bypass[25] ; spi_slave:spi_slave_instance|misoRAM_rtl_0 ;
; spi_slave:spi_slave_instance|misoRAM_rtl_0_bypass[26] ; spi_slave:spi_slave_instance|misoRAM_rtl_0 ;
; spi_slave:spi_slave_instance|misoRAM_rtl_0_bypass[27] ; spi_slave:spi_slave_instance|misoRAM_rtl_0 ;
; spi_slave:spi_slave_instance|misoRAM_rtl_0_bypass[28] ; spi_slave:spi_slave_instance|misoRAM_rtl_0 ;
; spi_slave:spi_slave_instance|misoRAM_rtl_0_bypass[29] ; spi_slave:spi_slave_instance|misoRAM_rtl_0 ;
; spi_slave:spi_slave_instance|misoRAM_rtl_0_bypass[30] ; spi_slave:spi_slave_instance|misoRAM_rtl_0 ;
; spi_slave:spi_slave_instance|misoRAM_rtl_0_bypass[31] ; spi_slave:spi_slave_instance|misoRAM_rtl_0 ;
; spi_slave:spi_slave_instance|misoRAM_rtl_0_bypass[32] ; spi_slave:spi_slave_instance|misoRAM_rtl_0 ;
; spi_slave:spi_slave_instance|misoRAM_rtl_0_bypass[33] ; spi_slave:spi_slave_instance|misoRAM_rtl_0 ;
; spi_slave:spi_slave_instance|misoRAM_rtl_0_bypass[34] ; spi_slave:spi_slave_instance|misoRAM_rtl_0 ;
; spi_slave:spi_slave_instance|misoRAM_rtl_0_bypass[35] ; spi_slave:spi_slave_instance|misoRAM_rtl_0 ;
; spi_slave:spi_slave_instance|misoRAM_rtl_0_bypass[36] ; spi_slave:spi_slave_instance|misoRAM_rtl_0 ;
; spi_slave:spi_slave_instance|misoRAM_rtl_0_bypass[37] ; spi_slave:spi_slave_instance|misoRAM_rtl_0 ;
; spi_slave:spi_slave_instance|misoRAM_rtl_0_bypass[38] ; spi_slave:spi_slave_instance|misoRAM_rtl_0 ;
; spi_slave:spi_slave_instance|misoRAM_rtl_0_bypass[39] ; spi_slave:spi_slave_instance|misoRAM_rtl_0 ;
; spi_slave:spi_slave_instance|misoRAM_rtl_0_bypass[40] ; spi_slave:spi_slave_instance|misoRAM_rtl_0 ;
; spi_slave:spi_slave_instance|mosiRAM_rtl_0_bypass[0]  ; spi_slave:spi_slave_instance|mosiRAM_rtl_0 ;
; spi_slave:spi_slave_instance|mosiRAM_rtl_0_bypass[1]  ; spi_slave:spi_slave_instance|mosiRAM_rtl_0 ;
; spi_slave:spi_slave_instance|mosiRAM_rtl_0_bypass[2]  ; spi_slave:spi_slave_instance|mosiRAM_rtl_0 ;
; spi_slave:spi_slave_instance|mosiRAM_rtl_0_bypass[3]  ; spi_slave:spi_slave_instance|mosiRAM_rtl_0 ;
; spi_slave:spi_slave_instance|mosiRAM_rtl_0_bypass[4]  ; spi_slave:spi_slave_instance|mosiRAM_rtl_0 ;
; spi_slave:spi_slave_instance|mosiRAM_rtl_0_bypass[5]  ; spi_slave:spi_slave_instance|mosiRAM_rtl_0 ;
; spi_slave:spi_slave_instance|mosiRAM_rtl_0_bypass[6]  ; spi_slave:spi_slave_instance|mosiRAM_rtl_0 ;
; spi_slave:spi_slave_instance|mosiRAM_rtl_0_bypass[7]  ; spi_slave:spi_slave_instance|mosiRAM_rtl_0 ;
; spi_slave:spi_slave_instance|mosiRAM_rtl_0_bypass[8]  ; spi_slave:spi_slave_instance|mosiRAM_rtl_0 ;
; spi_slave:spi_slave_instance|mosiRAM_rtl_0_bypass[9]  ; spi_slave:spi_slave_instance|mosiRAM_rtl_0 ;
; spi_slave:spi_slave_instance|mosiRAM_rtl_0_bypass[10] ; spi_slave:spi_slave_instance|mosiRAM_rtl_0 ;
; spi_slave:spi_slave_instance|mosiRAM_rtl_0_bypass[11] ; spi_slave:spi_slave_instance|mosiRAM_rtl_0 ;
; spi_slave:spi_slave_instance|mosiRAM_rtl_0_bypass[12] ; spi_slave:spi_slave_instance|mosiRAM_rtl_0 ;
; spi_slave:spi_slave_instance|mosiRAM_rtl_0_bypass[13] ; spi_slave:spi_slave_instance|mosiRAM_rtl_0 ;
; spi_slave:spi_slave_instance|mosiRAM_rtl_0_bypass[14] ; spi_slave:spi_slave_instance|mosiRAM_rtl_0 ;
; spi_slave:spi_slave_instance|mosiRAM_rtl_0_bypass[15] ; spi_slave:spi_slave_instance|mosiRAM_rtl_0 ;
; spi_slave:spi_slave_instance|mosiRAM_rtl_0_bypass[16] ; spi_slave:spi_slave_instance|mosiRAM_rtl_0 ;
; spi_slave:spi_slave_instance|mosiRAM_rtl_0_bypass[17] ; spi_slave:spi_slave_instance|mosiRAM_rtl_0 ;
; spi_slave:spi_slave_instance|mosiRAM_rtl_0_bypass[18] ; spi_slave:spi_slave_instance|mosiRAM_rtl_0 ;
; spi_slave:spi_slave_instance|mosiRAM_rtl_0_bypass[19] ; spi_slave:spi_slave_instance|mosiRAM_rtl_0 ;
; spi_slave:spi_slave_instance|mosiRAM_rtl_0_bypass[20] ; spi_slave:spi_slave_instance|mosiRAM_rtl_0 ;
; spi_slave:spi_slave_instance|mosiRAM_rtl_0_bypass[21] ; spi_slave:spi_slave_instance|mosiRAM_rtl_0 ;
; spi_slave:spi_slave_instance|mosiRAM_rtl_0_bypass[22] ; spi_slave:spi_slave_instance|mosiRAM_rtl_0 ;
; spi_slave:spi_slave_instance|mosiRAM_rtl_0_bypass[23] ; spi_slave:spi_slave_instance|mosiRAM_rtl_0 ;
; spi_slave:spi_slave_instance|mosiRAM_rtl_0_bypass[24] ; spi_slave:spi_slave_instance|mosiRAM_rtl_0 ;
; spi_slave:spi_slave_instance|mosiRAM_rtl_0_bypass[25] ; spi_slave:spi_slave_instance|mosiRAM_rtl_0 ;
; spi_slave:spi_slave_instance|mosiRAM_rtl_0_bypass[26] ; spi_slave:spi_slave_instance|mosiRAM_rtl_0 ;
; spi_slave:spi_slave_instance|mosiRAM_rtl_0_bypass[27] ; spi_slave:spi_slave_instance|mosiRAM_rtl_0 ;
; spi_slave:spi_slave_instance|mosiRAM_rtl_0_bypass[28] ; spi_slave:spi_slave_instance|mosiRAM_rtl_0 ;
; spi_slave:spi_slave_instance|mosiRAM_rtl_0_bypass[29] ; spi_slave:spi_slave_instance|mosiRAM_rtl_0 ;
; spi_slave:spi_slave_instance|mosiRAM_rtl_0_bypass[30] ; spi_slave:spi_slave_instance|mosiRAM_rtl_0 ;
; spi_slave:spi_slave_instance|mosiRAM_rtl_0_bypass[31] ; spi_slave:spi_slave_instance|mosiRAM_rtl_0 ;
; spi_slave:spi_slave_instance|mosiRAM_rtl_0_bypass[32] ; spi_slave:spi_slave_instance|mosiRAM_rtl_0 ;
; spi_slave:spi_slave_instance|mosiRAM_rtl_0_bypass[33] ; spi_slave:spi_slave_instance|mosiRAM_rtl_0 ;
; spi_slave:spi_slave_instance|mosiRAM_rtl_0_bypass[34] ; spi_slave:spi_slave_instance|mosiRAM_rtl_0 ;
; spi_slave:spi_slave_instance|mosiRAM_rtl_0_bypass[35] ; spi_slave:spi_slave_instance|mosiRAM_rtl_0 ;
; spi_slave:spi_slave_instance|mosiRAM_rtl_0_bypass[36] ; spi_slave:spi_slave_instance|mosiRAM_rtl_0 ;
; spi_slave:spi_slave_instance|mosiRAM_rtl_0_bypass[37] ; spi_slave:spi_slave_instance|mosiRAM_rtl_0 ;
; spi_slave:spi_slave_instance|mosiRAM_rtl_0_bypass[38] ; spi_slave:spi_slave_instance|mosiRAM_rtl_0 ;
; spi_slave:spi_slave_instance|mosiRAM_rtl_0_bypass[39] ; spi_slave:spi_slave_instance|mosiRAM_rtl_0 ;
; spi_slave:spi_slave_instance|mosiRAM_rtl_0_bypass[40] ; spi_slave:spi_slave_instance|mosiRAM_rtl_0 ;
+-------------------------------------------------------+--------------------------------------------+


+-----------------------------------------------------------------------------------------------------------------------------------------------------------------+
; Multiplexer Restructuring Statistics (Restructuring Performed)                                                                                                  ;
+--------------------+-----------+---------------+----------------------+------------------------+------------+---------------------------------------------------+
; Multiplexer Inputs ; Bus Width ; Baseline Area ; Area if Restructured ; Saving if Restructured ; Registered ; Example Multiplexer Output                        ;
+--------------------+-----------+---------------+----------------------+------------------------+------------+---------------------------------------------------+
; 3:1                ; 10 bits   ; 20 LEs        ; 10 LEs               ; 10 LEs                 ; Yes        ; |MiniBot|spi_slave:spi_slave_instance|SPI_cnt[1]  ;
; 5:1                ; 31 bits   ; 93 LEs        ; 62 LEs               ; 31 LEs                 ; Yes        ; |MiniBot|spi_slave:spi_slave_instance|SPI_reg[35] ;
; 11:1               ; 32 bits   ; 224 LEs       ; 160 LEs              ; 64 LEs                 ; Yes        ; |MiniBot|DataToPI[29]                             ;
; 3:1                ; 3 bits    ; 6 LEs         ; 6 LEs                ; 0 LEs                  ; No         ; |MiniBot|DataAdrM                                 ;
; 3:1                ; 7 bits    ; 14 LEs        ; 7 LEs                ; 7 LEs                  ; No         ; |MiniBot|thread                                   ;
; 3:1                ; 4 bits    ; 8 LEs         ; 8 LEs                ; 0 LEs                  ; No         ; |MiniBot|spi_slave:spi_slave_instance|SPI_reg     ;
; 9:1                ; 2 bits    ; 12 LEs        ; 6 LEs                ; 6 LEs                  ; No         ; |MiniBot|spi_slave:spi_slave_instance|state       ;
; 9:1                ; 2 bits    ; 12 LEs        ; 6 LEs                ; 6 LEs                  ; No         ; |MiniBot|spi_slave:spi_slave_instance|state       ;
+--------------------+-----------+---------------+----------------------+------------------------+------------+---------------------------------------------------+


+-------------------------------------------------------------------------------------------------------------+
; Source assignments for spi_slave:spi_slave_instance|altsyncram:misoRAM_rtl_0|altsyncram_occ1:auto_generated ;
+---------------------------------+--------------------+------+-----------------------------------------------+
; Assignment                      ; Value              ; From ; To                                            ;
+---------------------------------+--------------------+------+-----------------------------------------------+
; OPTIMIZE_POWER_DURING_SYNTHESIS ; NORMAL_COMPILATION ; -    ; -                                             ;
+---------------------------------+--------------------+------+-----------------------------------------------+


+-------------------------------------------------------------------------------------------------------------+
; Source assignments for spi_slave:spi_slave_instance|altsyncram:mosiRAM_rtl_0|altsyncram_occ1:auto_generated ;
+---------------------------------+--------------------+------+-----------------------------------------------+
; Assignment                      ; Value              ; From ; To                                            ;
+---------------------------------+--------------------+------+-----------------------------------------------+
; OPTIMIZE_POWER_DURING_SYNTHESIS ; NORMAL_COMPILATION ; -    ; -                                             ;
+---------------------------------+--------------------+------+-----------------------------------------------+


+--------------------------------------------------------------------------------------------------------+
; Parameter Settings for Inferred Entity Instance: spi_slave:spi_slave_instance|altsyncram:misoRAM_rtl_0 ;
+------------------------------------+----------------------+--------------------------------------------+
; Parameter Name                     ; Value                ; Type                                       ;
+------------------------------------+----------------------+--------------------------------------------+
; BYTE_SIZE_BLOCK                    ; 8                    ; Untyped                                    ;
; AUTO_CARRY_CHAINS                  ; ON                   ; AUTO_CARRY                                 ;
; IGNORE_CARRY_BUFFERS               ; OFF                  ; IGNORE_CARRY                               ;
; AUTO_CASCADE_CHAINS                ; ON                   ; AUTO_CASCADE                               ;
; IGNORE_CASCADE_BUFFERS             ; OFF                  ; IGNORE_CASCADE                             ;
; WIDTH_BYTEENA                      ; 1                    ; Untyped                                    ;
; OPERATION_MODE                     ; DUAL_PORT            ; Untyped                                    ;
; WIDTH_A                            ; 32                   ; Untyped                                    ;
; WIDTHAD_A                          ; 4                    ; Untyped                                    ;
; NUMWORDS_A                         ; 16                   ; Untyped                                    ;
; OUTDATA_REG_A                      ; UNREGISTERED         ; Untyped                                    ;
; ADDRESS_ACLR_A                     ; NONE                 ; Untyped                                    ;
; OUTDATA_ACLR_A                     ; NONE                 ; Untyped                                    ;
; WRCONTROL_ACLR_A                   ; NONE                 ; Untyped                                    ;
; INDATA_ACLR_A                      ; NONE                 ; Untyped                                    ;
; BYTEENA_ACLR_A                     ; NONE                 ; Untyped                                    ;
; WIDTH_B                            ; 32                   ; Untyped                                    ;
; WIDTHAD_B                          ; 4                    ; Untyped                                    ;
; NUMWORDS_B                         ; 16                   ; Untyped                                    ;
; INDATA_REG_B                       ; CLOCK1               ; Untyped                                    ;
; WRCONTROL_WRADDRESS_REG_B          ; CLOCK1               ; Untyped                                    ;
; RDCONTROL_REG_B                    ; CLOCK1               ; Untyped                                    ;
; ADDRESS_REG_B                      ; CLOCK0               ; Untyped                                    ;
; OUTDATA_REG_B                      ; UNREGISTERED         ; Untyped                                    ;
; BYTEENA_REG_B                      ; CLOCK1               ; Untyped                                    ;
; INDATA_ACLR_B                      ; NONE                 ; Untyped                                    ;
; WRCONTROL_ACLR_B                   ; NONE                 ; Untyped                                    ;
; ADDRESS_ACLR_B                     ; NONE                 ; Untyped                                    ;
; OUTDATA_ACLR_B                     ; NONE                 ; Untyped                                    ;
; RDCONTROL_ACLR_B                   ; NONE                 ; Untyped                                    ;
; BYTEENA_ACLR_B                     ; NONE                 ; Untyped                                    ;
; WIDTH_BYTEENA_A                    ; 1                    ; Untyped                                    ;
; WIDTH_BYTEENA_B                    ; 1                    ; Untyped                                    ;
; RAM_BLOCK_TYPE                     ; AUTO                 ; Untyped                                    ;
; BYTE_SIZE                          ; 8                    ; Untyped                                    ;
; READ_DURING_WRITE_MODE_MIXED_PORTS ; DONT_CARE            ; Untyped                                    ;
; READ_DURING_WRITE_MODE_PORT_A      ; NEW_DATA_NO_NBE_READ ; Untyped                                    ;
; READ_DURING_WRITE_MODE_PORT_B      ; NEW_DATA_NO_NBE_READ ; Untyped                                    ;
; INIT_FILE                          ; UNUSED               ; Untyped                                    ;
; INIT_FILE_LAYOUT                   ; PORT_A               ; Untyped                                    ;
; MAXIMUM_DEPTH                      ; 0                    ; Untyped                                    ;
; CLOCK_ENABLE_INPUT_A               ; NORMAL               ; Untyped                                    ;
; CLOCK_ENABLE_INPUT_B               ; NORMAL               ; Untyped                                    ;
; CLOCK_ENABLE_OUTPUT_A              ; NORMAL               ; Untyped                                    ;
; CLOCK_ENABLE_OUTPUT_B              ; NORMAL               ; Untyped                                    ;
; CLOCK_ENABLE_CORE_A                ; USE_INPUT_CLKEN      ; Untyped                                    ;
; CLOCK_ENABLE_CORE_B                ; USE_INPUT_CLKEN      ; Untyped                                    ;
; ENABLE_ECC                         ; FALSE                ; Untyped                                    ;
; ECC_PIPELINE_STAGE_ENABLED         ; FALSE                ; Untyped                                    ;
; WIDTH_ECCSTATUS                    ; 3                    ; Untyped                                    ;
; DEVICE_FAMILY                      ; Cyclone IV E         ; Untyped                                    ;
; CBXI_PARAMETER                     ; altsyncram_occ1      ; Untyped                                    ;
+------------------------------------+----------------------+--------------------------------------------+
Note: In order to hide this table in the UI and the text report file, please set the "Show Parameter Settings in Synthesis Report" option in "Analysis and Synthesis Settings -> More Settings" to "Off".


+--------------------------------------------------------------------------------------------------------+
; Parameter Settings for Inferred Entity Instance: spi_slave:spi_slave_instance|altsyncram:mosiRAM_rtl_0 ;
+------------------------------------+----------------------+--------------------------------------------+
; Parameter Name                     ; Value                ; Type                                       ;
+------------------------------------+----------------------+--------------------------------------------+
; BYTE_SIZE_BLOCK                    ; 8                    ; Untyped                                    ;
; AUTO_CARRY_CHAINS                  ; ON                   ; AUTO_CARRY                                 ;
; IGNORE_CARRY_BUFFERS               ; OFF                  ; IGNORE_CARRY                               ;
; AUTO_CASCADE_CHAINS                ; ON                   ; AUTO_CASCADE                               ;
; IGNORE_CASCADE_BUFFERS             ; OFF                  ; IGNORE_CASCADE                             ;
; WIDTH_BYTEENA                      ; 1                    ; Untyped                                    ;
; OPERATION_MODE                     ; DUAL_PORT            ; Untyped                                    ;
; WIDTH_A                            ; 32                   ; Untyped                                    ;
; WIDTHAD_A                          ; 4                    ; Untyped                                    ;
; NUMWORDS_A                         ; 16                   ; Untyped                                    ;
; OUTDATA_REG_A                      ; UNREGISTERED         ; Untyped                                    ;
; ADDRESS_ACLR_A                     ; NONE                 ; Untyped                                    ;
; OUTDATA_ACLR_A                     ; NONE                 ; Untyped                                    ;
; WRCONTROL_ACLR_A                   ; NONE                 ; Untyped                                    ;
; INDATA_ACLR_A                      ; NONE                 ; Untyped                                    ;
; BYTEENA_ACLR_A                     ; NONE                 ; Untyped                                    ;
; WIDTH_B                            ; 32                   ; Untyped                                    ;
; WIDTHAD_B                          ; 4                    ; Untyped                                    ;
; NUMWORDS_B                         ; 16                   ; Untyped                                    ;
; INDATA_REG_B                       ; CLOCK1               ; Untyped                                    ;
; WRCONTROL_WRADDRESS_REG_B          ; CLOCK1               ; Untyped                                    ;
; RDCONTROL_REG_B                    ; CLOCK1               ; Untyped                                    ;
; ADDRESS_REG_B                      ; CLOCK0               ; Untyped                                    ;
; OUTDATA_REG_B                      ; UNREGISTERED         ; Untyped                                    ;
; BYTEENA_REG_B                      ; CLOCK1               ; Untyped                                    ;
; INDATA_ACLR_B                      ; NONE                 ; Untyped                                    ;
; WRCONTROL_ACLR_B                   ; NONE                 ; Untyped                                    ;
; ADDRESS_ACLR_B                     ; NONE                 ; Untyped                                    ;
; OUTDATA_ACLR_B                     ; NONE                 ; Untyped                                    ;
; RDCONTROL_ACLR_B                   ; NONE                 ; Untyped                                    ;
; BYTEENA_ACLR_B                     ; NONE                 ; Untyped                                    ;
; WIDTH_BYTEENA_A                    ; 1                    ; Untyped                                    ;
; WIDTH_BYTEENA_B                    ; 1                    ; Untyped                                    ;
; RAM_BLOCK_TYPE                     ; AUTO                 ; Untyped                                    ;
; BYTE_SIZE                          ; 8                    ; Untyped                                    ;
; READ_DURING_WRITE_MODE_MIXED_PORTS ; DONT_CARE            ; Untyped                                    ;
; READ_DURING_WRITE_MODE_PORT_A      ; NEW_DATA_NO_NBE_READ ; Untyped                                    ;
; READ_DURING_WRITE_MODE_PORT_B      ; NEW_DATA_NO_NBE_READ ; Untyped                                    ;
; INIT_FILE                          ; UNUSED               ; Untyped                                    ;
; INIT_FILE_LAYOUT                   ; PORT_A               ; Untyped                                    ;
; MAXIMUM_DEPTH                      ; 0                    ; Untyped                                    ;
; CLOCK_ENABLE_INPUT_A               ; NORMAL               ; Untyped                                    ;
; CLOCK_ENABLE_INPUT_B               ; NORMAL               ; Untyped                                    ;
; CLOCK_ENABLE_OUTPUT_A              ; NORMAL               ; Untyped                                    ;
; CLOCK_ENABLE_OUTPUT_B              ; NORMAL               ; Untyped                                    ;
; CLOCK_ENABLE_CORE_A                ; USE_INPUT_CLKEN      ; Untyped                                    ;
; CLOCK_ENABLE_CORE_B                ; USE_INPUT_CLKEN      ; Untyped                                    ;
; ENABLE_ECC                         ; FALSE                ; Untyped                                    ;
; ECC_PIPELINE_STAGE_ENABLED         ; FALSE                ; Untyped                                    ;
; WIDTH_ECCSTATUS                    ; 3                    ; Untyped                                    ;
; DEVICE_FAMILY                      ; Cyclone IV E         ; Untyped                                    ;
; CBXI_PARAMETER                     ; altsyncram_occ1      ; Untyped                                    ;
+------------------------------------+----------------------+--------------------------------------------+
Note: In order to hide this table in the UI and the text report file, please set the "Show Parameter Settings in Synthesis Report" option in "Analysis and Synthesis Settings -> More Settings" to "Off".


+---------------------------------------------------------------------------------------------------+
; altsyncram Parameter Settings by Entity Instance                                                  ;
+-------------------------------------------+-------------------------------------------------------+
; Name                                      ; Value                                                 ;
+-------------------------------------------+-------------------------------------------------------+
; Number of entity instances                ; 2                                                     ;
; Entity Instance                           ; spi_slave:spi_slave_instance|altsyncram:misoRAM_rtl_0 ;
;     -- OPERATION_MODE                     ; DUAL_PORT                                             ;
;     -- WIDTH_A                            ; 32                                                    ;
;     -- NUMWORDS_A                         ; 16                                                    ;
;     -- OUTDATA_REG_A                      ; UNREGISTERED                                          ;
;     -- WIDTH_B                            ; 32                                                    ;
;     -- NUMWORDS_B                         ; 16                                                    ;
;     -- ADDRESS_REG_B                      ; CLOCK0                                                ;
;     -- OUTDATA_REG_B                      ; UNREGISTERED                                          ;
;     -- RAM_BLOCK_TYPE                     ; AUTO                                                  ;
;     -- READ_DURING_WRITE_MODE_MIXED_PORTS ; DONT_CARE                                             ;
; Entity Instance                           ; spi_slave:spi_slave_instance|altsyncram:mosiRAM_rtl_0 ;
;     -- OPERATION_MODE                     ; DUAL_PORT                                             ;
;     -- WIDTH_A                            ; 32                                                    ;
;     -- NUMWORDS_A                         ; 16                                                    ;
;     -- OUTDATA_REG_A                      ; UNREGISTERED                                          ;
;     -- WIDTH_B                            ; 32                                                    ;
;     -- NUMWORDS_B                         ; 16                                                    ;
;     -- ADDRESS_REG_B                      ; CLOCK0                                                ;
;     -- OUTDATA_REG_B                      ; UNREGISTERED                                          ;
;     -- RAM_BLOCK_TYPE                     ; AUTO                                                  ;
;     -- READ_DURING_WRITE_MODE_MIXED_PORTS ; DONT_CARE                                             ;
+-------------------------------------------+-------------------------------------------------------+


+-----------------------------------------------------+
; Post-Synthesis Netlist Statistics for Top Partition ;
+-----------------------+-----------------------------+
; Type                  ; Count                       ;
+-----------------------+-----------------------------+
; boundary_port         ; 154                         ;
; cycloneiii_ff         ; 471                         ;
;     CLR               ; 160                         ;
;     ENA               ; 75                          ;
;     ENA SCLR          ; 6                           ;
;     ENA SCLR SLD      ; 31                          ;
;     SCLR              ; 8                           ;
;     SCLR SLD          ; 1                           ;
;     plain             ; 190                         ;
; cycloneiii_io_obuf    ; 98                          ;
; cycloneiii_lcell_comb ; 498                         ;
;     arith             ; 157                         ;
;         2 data inputs ; 94                          ;
;         3 data inputs ; 63                          ;
;     normal            ; 341                         ;
;         0 data inputs ; 1                           ;
;         1 data inputs ; 9                           ;
;         2 data inputs ; 43                          ;
;         3 data inputs ; 77                          ;
;         4 data inputs ; 211                         ;
; cycloneiii_ram_block  ; 64                          ;
;                       ;                             ;
; Max LUT depth         ; 7.00                        ;
; Average LUT depth     ; 2.60                        ;
+-----------------------+-----------------------------+


+-------------------------------+
; Elapsed Time Per Partition    ;
+----------------+--------------+
; Partition Name ; Elapsed Time ;
+----------------+--------------+
; Top            ; 00:00:01     ;
+----------------+--------------+


+-------------------------------+
; Analysis & Synthesis Messages ;
+-------------------------------+
Info: *******************************************************************
Info: Running Quartus II 64-Bit Analysis & Synthesis
    Info: Version 15.0.0 Build 145 04/22/2015 SJ Web Edition
    Info: Processing started: Mon Mar 06 14:27:19 2017
Info: Command: quartus_map --read_settings_files=on --write_settings_files=off MiniBot -c MiniBot
Info (11104): Parallel Compilation has detected 8 hyper-threaded processors. However, the extra hyper-threaded processors will not be used by default. Parallel Compilation will use 4 of the 4 physical processors detected instead.
Info (12021): Found 1 design units, including 1 entities, in source file myspi.sv
    Info (12023): Found entity 1: spi_slave
Info (12021): Found 1 design units, including 1 entities, in source file antiglitch.sv
    Info (12023): Found entity 1: antiGlitch
Info (12021): Found 1 design units, including 1 entities, in source file minibot.sv
    Info (12023): Found entity 1: MiniBot
Warning (10236): Verilog HDL Implicit Net warning at MiniBot.sv(195): created implicit net for "sw0"
Warning (10236): Verilog HDL Implicit Net warning at MiniBot.sv(196): created implicit net for "sw1"
Warning (10236): Verilog HDL Implicit Net warning at MiniBot.sv(197): created implicit net for "sw2"
Warning (10236): Verilog HDL Implicit Net warning at MiniBot.sv(198): created implicit net for "sw3"
Info (12127): Elaborating entity "MiniBot" for the top level hierarchy
Warning (10036): Verilog HDL or VHDL warning at MiniBot.sv(197): object "sw2" assigned a value but never read
Warning (10036): Verilog HDL or VHDL warning at MiniBot.sv(198): object "sw3" assigned a value but never read
Warning (10036): Verilog HDL or VHDL warning at MiniBot.sv(157): object "reset" assigned a value but never read
Warning (10036): Verilog HDL or VHDL warning at MiniBot.sv(158): object "led_reg" assigned a value but never read
Warning (10036): Verilog HDL or VHDL warning at MiniBot.sv(159): object "key1" assigned a value but never read
Warning (10036): Verilog HDL or VHDL warning at MiniBot.sv(164): object "WriteData" assigned a value but never read
Warning (10036): Verilog HDL or VHDL warning at MiniBot.sv(168): object "posBeaconPremier" assigned a value but never read
Warning (10036): Verilog HDL or VHDL warning at MiniBot.sv(172): object "premier_posEdge" assigned a value but never read
Warning (10036): Verilog HDL or VHDL warning at MiniBot.sv(178): object "uart_tx" assigned a value but never read
Warning (10036): Verilog HDL or VHDL warning at MiniBot.sv(178): object "uart_rx" assigned a value but never read
Warning (10036): Verilog HDL or VHDL warning at MiniBot.sv(178): object "uart_dir" assigned a value but never read
Warning (10858): Verilog HDL warning at MiniBot.sv(181): object new_count_mot_right used but never assigned
Warning (10230): Verilog HDL assignment warning at MiniBot.sv(308): truncated value with size 32 to match size of target (8)
Warning (10030): Net "new_count_mot_right" at MiniBot.sv(181) has no driver or initial value, using a default initial value '0'
Warning (10034): Output port "DRAM_ADDR" at MiniBot.sv(85) has no driver
Warning (10034): Output port "DRAM_BA" at MiniBot.sv(86) has no driver
Warning (10034): Output port "DRAM_DQM" at MiniBot.sv(92) has no driver
Warning (10034): Output port "DRAM_CAS_N" at MiniBot.sv(87) has no driver
Warning (10034): Output port "DRAM_CKE" at MiniBot.sv(88) has no driver
Warning (10034): Output port "DRAM_CLK" at MiniBot.sv(89) has no driver
Warning (10034): Output port "DRAM_CS_N" at MiniBot.sv(90) has no driver
Warning (10034): Output port "DRAM_RAS_N" at MiniBot.sv(93) has no driver
Warning (10034): Output port "DRAM_WE_N" at MiniBot.sv(94) has no driver
Warning (10034): Output port "EPCS_ASDO" at MiniBot.sv(97) has no driver
Warning (10034): Output port "EPCS_DCLK" at MiniBot.sv(99) has no driver
Warning (10034): Output port "EPCS_NCSO" at MiniBot.sv(100) has no driver
Warning (10034): Output port "G_SENSOR_CS_N" at MiniBot.sv(103) has no driver
Warning (10034): Output port "I2C_SCLK" at MiniBot.sv(105) has no driver
Warning (10034): Output port "ADC_CS_N" at MiniBot.sv(109) has no driver
Warning (10034): Output port "ADC_SADDR" at MiniBot.sv(110) has no driver
Warning (10034): Output port "ADC_SCLK" at MiniBot.sv(111) has no driver
Info (12128): Elaborating entity "spi_slave" for hierarchy "spi_slave:spi_slave_instance"
Info (12128): Elaborating entity "antiGlitch" for hierarchy "antiGlitch:antiGlitchLaserSig"
Warning (276020): Inferred RAM node "spi_slave:spi_slave_instance|misoRAM_rtl_0" from synchronous design logic.  Pass-through logic has been added to match the read-during-write behavior of the original design.
Warning (276020): Inferred RAM node "spi_slave:spi_slave_instance|mosiRAM_rtl_0" from synchronous design logic.  Pass-through logic has been added to match the read-during-write behavior of the original design.
Info (19000): Inferred 2 megafunctions from design logic
    Info (276029): Inferred altsyncram megafunction from the following design logic: "spi_slave:spi_slave_instance|misoRAM_rtl_0" 
        Info (286033): Parameter OPERATION_MODE set to DUAL_PORT
        Info (286033): Parameter WIDTH_A set to 32
        Info (286033): Parameter WIDTHAD_A set to 4
        Info (286033): Parameter NUMWORDS_A set to 16
        Info (286033): Parameter WIDTH_B set to 32
        Info (286033): Parameter WIDTHAD_B set to 4
        Info (286033): Parameter NUMWORDS_B set to 16
        Info (286033): Parameter ADDRESS_ACLR_A set to NONE
        Info (286033): Parameter OUTDATA_REG_B set to UNREGISTERED
        Info (286033): Parameter ADDRESS_ACLR_B set to NONE
        Info (286033): Parameter OUTDATA_ACLR_B set to NONE
        Info (286033): Parameter ADDRESS_REG_B set to CLOCK0
        Info (286033): Parameter INDATA_ACLR_A set to NONE
        Info (286033): Parameter WRCONTROL_ACLR_A set to NONE
    Info (276029): Inferred altsyncram megafunction from the following design logic: "spi_slave:spi_slave_instance|mosiRAM_rtl_0" 
        Info (286033): Parameter OPERATION_MODE set to DUAL_PORT
        Info (286033): Parameter WIDTH_A set to 32
        Info (286033): Parameter WIDTHAD_A set to 4
        Info (286033): Parameter NUMWORDS_A set to 16
        Info (286033): Parameter WIDTH_B set to 32
        Info (286033): Parameter WIDTHAD_B set to 4
        Info (286033): Parameter NUMWORDS_B set to 16
        Info (286033): Parameter ADDRESS_ACLR_A set to NONE
        Info (286033): Parameter OUTDATA_REG_B set to UNREGISTERED
        Info (286033): Parameter ADDRESS_ACLR_B set to NONE
        Info (286033): Parameter OUTDATA_ACLR_B set to NONE
        Info (286033): Parameter ADDRESS_REG_B set to CLOCK0
        Info (286033): Parameter INDATA_ACLR_A set to NONE
        Info (286033): Parameter WRCONTROL_ACLR_A set to NONE
Info (12130): Elaborated megafunction instantiation "spi_slave:spi_slave_instance|altsyncram:misoRAM_rtl_0"
Info (12133): Instantiated megafunction "spi_slave:spi_slave_instance|altsyncram:misoRAM_rtl_0" with the following parameter:
    Info (12134): Parameter "OPERATION_MODE" = "DUAL_PORT"
    Info (12134): Parameter "WIDTH_A" = "32"
    Info (12134): Parameter "WIDTHAD_A" = "4"
    Info (12134): Parameter "NUMWORDS_A" = "16"
    Info (12134): Parameter "WIDTH_B" = "32"
    Info (12134): Parameter "WIDTHAD_B" = "4"
    Info (12134): Parameter "NUMWORDS_B" = "16"
    Info (12134): Parameter "ADDRESS_ACLR_A" = "NONE"
    Info (12134): Parameter "OUTDATA_REG_B" = "UNREGISTERED"
    Info (12134): Parameter "ADDRESS_ACLR_B" = "NONE"
    Info (12134): Parameter "OUTDATA_ACLR_B" = "NONE"
    Info (12134): Parameter "ADDRESS_REG_B" = "CLOCK0"
    Info (12134): Parameter "INDATA_ACLR_A" = "NONE"
    Info (12134): Parameter "WRCONTROL_ACLR_A" = "NONE"
Info (12021): Found 1 design units, including 1 entities, in source file db/altsyncram_occ1.tdf
    Info (12023): Found entity 1: altsyncram_occ1
Info (12130): Elaborated megafunction instantiation "spi_slave:spi_slave_instance|altsyncram:mosiRAM_rtl_0"
Info (12133): Instantiated megafunction "spi_slave:spi_slave_instance|altsyncram:mosiRAM_rtl_0" with the following parameter:
    Info (12134): Parameter "OPERATION_MODE" = "DUAL_PORT"
    Info (12134): Parameter "WIDTH_A" = "32"
    Info (12134): Parameter "WIDTHAD_A" = "4"
    Info (12134): Parameter "NUMWORDS_A" = "16"
    Info (12134): Parameter "WIDTH_B" = "32"
    Info (12134): Parameter "WIDTHAD_B" = "4"
    Info (12134): Parameter "NUMWORDS_B" = "16"
    Info (12134): Parameter "ADDRESS_ACLR_A" = "NONE"
    Info (12134): Parameter "OUTDATA_REG_B" = "UNREGISTERED"
    Info (12134): Parameter "ADDRESS_ACLR_B" = "NONE"
    Info (12134): Parameter "OUTDATA_ACLR_B" = "NONE"
    Info (12134): Parameter "ADDRESS_REG_B" = "CLOCK0"
    Info (12134): Parameter "INDATA_ACLR_A" = "NONE"
    Info (12134): Parameter "WRCONTROL_ACLR_A" = "NONE"
Warning (13039): The following bidirectional pins have no drivers
    Warning (13040): bidirectional pin "GPIO_0_PI[9]" has no driver
    Warning (13040): bidirectional pin "GPIO_0_PI[11]" has no driver
    Warning (13040): bidirectional pin "GPIO_0_PI[15]" has no driver
    Warning (13040): bidirectional pin "GPIO_1[0]" has no driver
    Warning (13040): bidirectional pin "GPIO_1[1]" has no driver
    Warning (13040): bidirectional pin "GPIO_1[2]" has no driver
    Warning (13040): bidirectional pin "GPIO_1[4]" has no driver
    Warning (13040): bidirectional pin "GPIO_1[5]" has no driver
    Warning (13040): bidirectional pin "GPIO_1[7]" has no driver
    Warning (13040): bidirectional pin "GPIO_1[8]" has no driver
    Warning (13040): bidirectional pin "DRAM_DQ[0]" has no driver
    Warning (13040): bidirectional pin "DRAM_DQ[1]" has no driver
    Warning (13040): bidirectional pin "DRAM_DQ[2]" has no driver
    Warning (13040): bidirectional pin "DRAM_DQ[3]" has no driver
    Warning (13040): bidirectional pin "DRAM_DQ[4]" has no driver
    Warning (13040): bidirectional pin "DRAM_DQ[5]" has no driver
    Warning (13040): bidirectional pin "DRAM_DQ[6]" has no driver
    Warning (13040): bidirectional pin "DRAM_DQ[7]" has no driver
    Warning (13040): bidirectional pin "DRAM_DQ[8]" has no driver
    Warning (13040): bidirectional pin "DRAM_DQ[9]" has no driver
    Warning (13040): bidirectional pin "DRAM_DQ[10]" has no driver
    Warning (13040): bidirectional pin "DRAM_DQ[11]" has no driver
    Warning (13040): bidirectional pin "DRAM_DQ[12]" has no driver
    Warning (13040): bidirectional pin "DRAM_DQ[13]" has no driver
    Warning (13040): bidirectional pin "DRAM_DQ[14]" has no driver
    Warning (13040): bidirectional pin "DRAM_DQ[15]" has no driver
    Warning (13040): bidirectional pin "I2C_SDAT" has no driver
    Warning (13040): bidirectional pin "GPIO_2[0]" has no driver
    Warning (13040): bidirectional pin "GPIO_2[1]" has no driver
    Warning (13040): bidirectional pin "GPIO_2[2]" has no driver
    Warning (13040): bidirectional pin "GPIO_2[3]" has no driver
    Warning (13040): bidirectional pin "GPIO_2[4]" has no driver
    Warning (13040): bidirectional pin "GPIO_2[5]" has no driver
    Warning (13040): bidirectional pin "GPIO_2[6]" has no driver
    Warning (13040): bidirectional pin "GPIO_2[7]" has no driver
    Warning (13040): bidirectional pin "GPIO_2[8]" has no driver
    Warning (13040): bidirectional pin "GPIO_2[9]" has no driver
    Warning (13040): bidirectional pin "GPIO_2[10]" has no driver
    Warning (13040): bidirectional pin "GPIO_2[11]" has no driver
    Warning (13040): bidirectional pin "GPIO_2[12]" has no driver
    Warning (13040): bidirectional pin "GPIO_0_PI[0]" has no driver
    Warning (13040): bidirectional pin "GPIO_0_PI[1]" has no driver
    Warning (13040): bidirectional pin "GPIO_0_PI[2]" has no driver
    Warning (13040): bidirectional pin "GPIO_0_PI[3]" has no driver
    Warning (13040): bidirectional pin "GPIO_0_PI[4]" has no driver
    Warning (13040): bidirectional pin "GPIO_0_PI[5]" has no driver
    Warning (13040): bidirectional pin "GPIO_0_PI[6]" has no driver
    Warning (13040): bidirectional pin "GPIO_0_PI[7]" has no driver
    Warning (13040): bidirectional pin "GPIO_0_PI[8]" has no driver
    Warning (13040): bidirectional pin "GPIO_0_PI[10]" has no driver
    Warning (13040): bidirectional pin "GPIO_0_PI[12]" has no driver
    Warning (13040): bidirectional pin "GPIO_0_PI[14]" has no driver
    Warning (13040): bidirectional pin "GPIO_0_PI[16]" has no driver
    Warning (13040): bidirectional pin "GPIO_0_PI[17]" has no driver
    Warning (13040): bidirectional pin "GPIO_0_PI[18]" has no driver
    Warning (13040): bidirectional pin "GPIO_0_PI[19]" has no driver
    Warning (13040): bidirectional pin "GPIO_0_PI[20]" has no driver
    Warning (13040): bidirectional pin "GPIO_0_PI[21]" has no driver
    Warning (13040): bidirectional pin "GPIO_0_PI[22]" has no driver
    Warning (13040): bidirectional pin "GPIO_0_PI[23]" has no driver
    Warning (13040): bidirectional pin "GPIO_0_PI[24]" has no driver
    Warning (13040): bidirectional pin "GPIO_0_PI[25]" has no driver
    Warning (13040): bidirectional pin "GPIO_0_PI[26]" has no driver
    Warning (13040): bidirectional pin "GPIO_0_PI[27]" has no driver
    Warning (13040): bidirectional pin "GPIO_0_PI[28]" has no driver
    Warning (13040): bidirectional pin "GPIO_0_PI[29]" has no driver
    Warning (13040): bidirectional pin "GPIO_0_PI[30]" has no driver
    Warning (13040): bidirectional pin "GPIO_0_PI[31]" has no driver
    Warning (13040): bidirectional pin "GPIO_0_PI[32]" has no driver
    Warning (13040): bidirectional pin "GPIO_0_PI[33]" has no driver
    Warning (13040): bidirectional pin "GPIO_1[3]" has no driver
    Warning (13040): bidirectional pin "GPIO_1[6]" has no driver
    Warning (13040): bidirectional pin "GPIO_1[9]" has no driver
    Warning (13040): bidirectional pin "GPIO_1[10]" has no driver
    Warning (13040): bidirectional pin "GPIO_1[11]" has no driver
    Warning (13040): bidirectional pin "GPIO_1[12]" has no driver
    Warning (13040): bidirectional pin "GPIO_1[13]" has no driver
    Warning (13040): bidirectional pin "GPIO_1[14]" has no driver
    Warning (13040): bidirectional pin "GPIO_1[15]" has no driver
    Warning (13040): bidirectional pin "GPIO_1[16]" has no driver
    Warning (13040): bidirectional pin "GPIO_1[17]" has no driver
    Warning (13040): bidirectional pin "GPIO_1[18]" has no driver
    Warning (13040): bidirectional pin "GPIO_1[19]" has no driver
    Warning (13040): bidirectional pin "GPIO_1[20]" has no driver
    Warning (13040): bidirectional pin "GPIO_1[21]" has no driver
    Warning (13040): bidirectional pin "GPIO_1[22]" has no driver
    Warning (13040): bidirectional pin "GPIO_1[23]" has no driver
    Warning (13040): bidirectional pin "GPIO_1[24]" has no driver
    Warning (13040): bidirectional pin "GPIO_1[25]" has no driver
    Warning (13040): bidirectional pin "GPIO_1[26]" has no driver
    Warning (13040): bidirectional pin "GPIO_1[27]" has no driver
    Warning (13040): bidirectional pin "GPIO_1[28]" has no driver
    Warning (13040): bidirectional pin "GPIO_1[29]" has no driver
    Warning (13040): bidirectional pin "GPIO_1[30]" has no driver
    Warning (13040): bidirectional pin "GPIO_1[31]" has no driver
    Warning (13040): bidirectional pin "GPIO_1[32]" has no driver
    Warning (13040): bidirectional pin "GPIO_1[33]" has no driver
Warning (13024): Output pins are stuck at VCC or GND
    Warning (13410): Pin "DRAM_ADDR[0]" is stuck at GND
    Warning (13410): Pin "DRAM_ADDR[1]" is stuck at GND
    Warning (13410): Pin "DRAM_ADDR[2]" is stuck at GND
    Warning (13410): Pin "DRAM_ADDR[3]" is stuck at GND
    Warning (13410): Pin "DRAM_ADDR[4]" is stuck at GND
    Warning (13410): Pin "DRAM_ADDR[5]" is stuck at GND
    Warning (13410): Pin "DRAM_ADDR[6]" is stuck at GND
    Warning (13410): Pin "DRAM_ADDR[7]" is stuck at GND
    Warning (13410): Pin "DRAM_ADDR[8]" is stuck at GND
    Warning (13410): Pin "DRAM_ADDR[9]" is stuck at GND
    Warning (13410): Pin "DRAM_ADDR[10]" is stuck at GND
    Warning (13410): Pin "DRAM_ADDR[11]" is stuck at GND
    Warning (13410): Pin "DRAM_ADDR[12]" is stuck at GND
    Warning (13410): Pin "DRAM_BA[0]" is stuck at GND
    Warning (13410): Pin "DRAM_BA[1]" is stuck at GND
    Warning (13410): Pin "DRAM_CAS_N" is stuck at GND
    Warning (13410): Pin "DRAM_CKE" is stuck at GND
    Warning (13410): Pin "DRAM_CLK" is stuck at GND
    Warning (13410): Pin "DRAM_CS_N" is stuck at GND
    Warning (13410): Pin "DRAM_DQM[0]" is stuck at GND
    Warning (13410): Pin "DRAM_DQM[1]" is stuck at GND
    Warning (13410): Pin "DRAM_RAS_N" is stuck at GND
    Warning (13410): Pin "DRAM_WE_N" is stuck at GND
    Warning (13410): Pin "EPCS_ASDO" is stuck at GND
    Warning (13410): Pin "EPCS_DCLK" is stuck at GND
    Warning (13410): Pin "EPCS_NCSO" is stuck at GND
    Warning (13410): Pin "G_SENSOR_CS_N" is stuck at GND
    Warning (13410): Pin "I2C_SCLK" is stuck at GND
    Warning (13410): Pin "ADC_CS_N" is stuck at GND
    Warning (13410): Pin "ADC_SADDR" is stuck at GND
    Warning (13410): Pin "ADC_SCLK" is stuck at GND
Info (286030): Timing-Driven Synthesis is running
Info (17049): 6 registers lost all their fanouts during netlist optimizations.
Info (144001): Generated suppressed messages file C:/Users/matthieu/Documents/GitHub/Minibot/Quartus/MiniBot.map.smsg
Info (16010): Generating hard_block partition "hard_block:auto_generated_inst"
    Info (16011): Adding 0 node(s), including 0 DDIO, 0 PLL, 0 transceiver and 0 LCELL
Warning (21074): Design contains 12 input pin(s) that do not drive logic
    Warning (15610): No output dependent on input pin "KEY[1]"
    Warning (15610): No output dependent on input pin "SW[2]"
    Warning (15610): No output dependent on input pin "SW[3]"
    Warning (15610): No output dependent on input pin "EPCS_DATA0"
    Warning (15610): No output dependent on input pin "G_SENSOR_INT"
    Warning (15610): No output dependent on input pin "ADC_SDAT"
    Warning (15610): No output dependent on input pin "GPIO_2_IN[0]"
    Warning (15610): No output dependent on input pin "GPIO_2_IN[1]"
    Warning (15610): No output dependent on input pin "GPIO_2_IN[2]"
    Warning (15610): No output dependent on input pin "GPIO_0_PI_IN[0]"
    Warning (15610): No output dependent on input pin "GPIO_0_PI_IN[1]"
    Warning (15610): No output dependent on input pin "GPIO_1_IN[1]"
Info (21057): Implemented 906 device resources after synthesis - the final resource count might be different
    Info (21058): Implemented 17 input pins
    Info (21059): Implemented 39 output pins
    Info (21060): Implemented 98 bidirectional pins
    Info (21061): Implemented 688 logic cells
    Info (21064): Implemented 64 RAM segments
Info: Quartus II 64-Bit Analysis & Synthesis was successful. 0 errors, 180 warnings
    Info: Peak virtual memory: 697 megabytes
    Info: Processing ended: Mon Mar 06 14:27:33 2017
    Info: Elapsed time: 00:00:14
    Info: Total CPU time (on all processors): 00:00:31


+------------------------------------------+
; Analysis & Synthesis Suppressed Messages ;
+------------------------------------------+
The suppressed messages can be found in C:/Users/matthieu/Documents/GitHub/Minibot/Quartus/MiniBot.map.smsg.


